\BOOKMARK [-1][-]{part.1}{I Violation of the fundamental symmetries in nuclei}{}% 1
\BOOKMARK [0][-]{chapter.1}{Introduction}{part.1}% 2
\BOOKMARK [0][-]{chapter.2}{Fundamental symmetries and their violation}{part.1}% 3
\BOOKMARK [1][-]{section.2.1}{Discrete symmetries}{chapter.2}% 4
\BOOKMARK [1][-]{section.2.2}{Lorentz symmetry}{chapter.2}% 5
\BOOKMARK [1][-]{section.2.3}{Violation in atomic and nuclear systems}{chapter.2}% 6
\BOOKMARK [0][-]{chapter.3}{Non-spherical nuclei and their enhancement of violation of fundamental symmetries}{part.1}% 7
\BOOKMARK [1][-]{section.3.1}{Deformed nuclei}{chapter.3}% 8
\BOOKMARK [1][-]{section.3.2}{CP- violation in deformed nuclei}{chapter.3}% 9
\BOOKMARK [1][-]{section.3.3}{Lorentz violation in deformed nuclei}{chapter.3}% 10
\BOOKMARK [1][-]{section.3.4}{Weak quadrupole moments}{chapter.3}% 11
\BOOKMARK [0][-]{chapter.4}{Conclusion}{part.1}% 12
\BOOKMARK [1][-]{section.4.1}{Collective Properties of Nuclei}{chapter.4}% 13
\BOOKMARK [1][-]{section.4.2}{Splitting of energy bands in deformed nuclei}{chapter.4}% 14
\BOOKMARK [1][-]{section.4.3}{Lorentz violating parameters in nuclei}{chapter.4}% 15
\BOOKMARK [1][-]{section.4.4}{Quadrupole moments of neutrons in nuclei}{chapter.4}% 16
\BOOKMARK [1][-]{section.4.5}{Magnetic quadrupole moment in deformed nuclei}{chapter.4}% 17
\BOOKMARK [1][-]{section.4.6}{Schiff moment in nuclei}{chapter.4}% 18
\BOOKMARK [0][-]{chapter.5}{Results}{part.1}% 19
\BOOKMARK [0][-]{chapter.6}{WQM Paper}{part.1}% 20
\BOOKMARK [1][-]{section.6.1}{Deformed Nuclei }{chapter.6}% 21
\BOOKMARK [2][-]{subsection.6.1.1}{Quadrupole moment of neutron distribution in deformed nuclei}{section.6.1}% 22
\BOOKMARK [2][-]{subsection.6.1.2}{Lorentz invariance violation in deformed nuclei}{section.6.1}% 23
\BOOKMARK [2][-]{subsection.6.1.3}{Example calculation of Q and M for the 173Yb nucleus}{section.6.1}% 24
\BOOKMARK [1][-]{section.6.2}{Nuclei with a small deformation}{chapter.6}% 25
\BOOKMARK [1][-]{section.6.3}{Weak quadrupole moments and parity nonconservation in atomic and molecular systems}{chapter.6}% 26
\BOOKMARK [0][-]{chapter.7}{Nuclear MQM}{part.1}% 27
\BOOKMARK [1][-]{section.7.1}{MQM Calculation}{chapter.7}% 28
\BOOKMARK [1][-]{section.7.2}{MQM energy shift in diatomic molecules}{chapter.7}% 29
\BOOKMARK [0][-]{chapter.8}{Conclusion}{part.1}% 30
\BOOKMARK [-1][-]{part.2}{II Theoretical calculations of Super Heavy Element properties}{}% 31
\BOOKMARK [0][-]{chapter.9}{Introduction}{part.2}% 32
\BOOKMARK [0][-]{chapter.10}{The CIPT method}{part.2}% 33
\BOOKMARK [1][-]{section.10.1}{Hartree-Fock Calculation of Basis States}{chapter.10}% 34
\BOOKMARK [1][-]{section.10.2}{Configuration Interaction + Perturbation Theory}{chapter.10}% 35
\BOOKMARK [1][-]{section.10.3}{Relativistic and Radiative effects}{chapter.10}% 36
\BOOKMARK [1][-]{section.10.4}{Estimation of the accuracy}{chapter.10}% 37
\BOOKMARK [1][-]{section.10.5}{Comparison of CIPT calculations with experimental results in Ta}{chapter.10}% 38
\BOOKMARK [0][-]{chapter.11}{Energy Levels of superheavy elements}{part.2}% 39
\BOOKMARK [0][-]{chapter.12}{Electric dipole transitions}{part.2}% 40
\BOOKMARK [0][-]{chapter.13}{Isotope shifts in super heavy elements}{part.2}% 41
\BOOKMARK [1][-]{section.13.1}{Db I}{chapter.13}% 42
\BOOKMARK [1][-]{section.13.2}{Electric dipole transitions and isotope shift}{chapter.13}% 43
\BOOKMARK [0][-]{chapter.14}{Z=106-112}{part.2}% 44
\BOOKMARK [1][-]{section.14.1}{CIPT Method}{chapter.14}% 45
\BOOKMARK [1][-]{section.14.2}{Electric dipole transitions and isotope shifts}{chapter.14}% 46
\BOOKMARK [1][-]{section.14.3}{Calculation of energy levels, E1 transition rates and isotope shift}{chapter.14}% 47
\BOOKMARK [2][-]{subsection.14.3.1}{The Seaborgium Atom}{section.14.3}% 48
\BOOKMARK [2][-]{subsection.14.3.2}{The Bohrium Atom}{section.14.3}% 49
\BOOKMARK [2][-]{subsection.14.3.3}{The Hassium atom}{section.14.3}% 50
\BOOKMARK [2][-]{subsection.14.3.4}{The Meitnerium Atom}{section.14.3}% 51
\BOOKMARK [1][-]{section.14.4}{Ionization potentials and comparison with other data.}{chapter.14}% 52
\BOOKMARK [1][-]{section.14.5}{Conclusion}{chapter.14}% 53
\BOOKMARK [0][-]{chapter.15}{Oganesson, Z=118}{part.2}% 54
\BOOKMARK [1][-]{section.15.1}{CIPT calculation of }{chapter.15}% 55
\BOOKMARK [1][-]{section.15.2}{Electric dipole transitions of}{chapter.15}% 56
\BOOKMARK [1][-]{section.15.3}{Electron density of }{chapter.15}% 57
\BOOKMARK [0][-]{chapter.16}{Conclusion}{part.2}% 58
\BOOKMARK [0][-]{appendix.A}{Nilsson Orbitals}{part.2}% 59
\BOOKMARK [1][-]{section.A.1}{Filled and Unfilled shells of Nuclei}{appendix.A}% 60
